<?xml version="1.0" encoding="UTF-8"?>
<testng-results ignored="0" total="1" passed="1" failed="0" skipped="0">
  <reporter-output>
  </reporter-output>
  <suite started-at="2021-06-18T18:07:37 IST" name="Default suite" finished-at="2021-06-18T18:07:37 IST" duration-ms="122">
    <groups>
    </groups>
    <test started-at="2021-06-18T18:07:37 IST" name="Default test" finished-at="2021-06-18T18:07:37 IST" duration-ms="122">
      <class name="com.tundra.DictionaryTest">
        <test-method signature="isEnglishWord_Positive()[pri:0, instance:com.tundra.DictionaryTest@5c90e579]" started-at="2021-06-18T18:07:37 IST" name="isEnglishWord_Positive" finished-at="2021-06-18T18:07:37 IST" duration-ms="71" status="PASS">
          <reporter-output>
          </reporter-output>
        </test-method> <!-- isEnglishWord_Positive -->
      </class> <!-- com.tundra.DictionaryTest -->
    </test> <!-- Default test -->
  </suite> <!-- Default suite -->
</testng-results>
